<?xml version="1.0" encoding="UTF-8"?>
<!-- Generated by org.testng.reporters.JUnitReportReporter -->
<testsuite hostname="LenovoAsus" failures="0" tests="4" name="com.ujian.LoginTest" time="7.477" errors="0" timestamp="2024-12-11T18:49:24 WIB" skipped="0">
  <testcase classname="com.ujian.LoginTest" name="validLoginTest" time="2.772"/>
  <testcase classname="com.ujian.LoginTest" name="invalidUsernameLoginTest" time="1.642"/>
  <testcase classname="com.ujian.LoginTest" name="emptyCredentialsLoginTest" time="1.482"/>
  <testcase classname="com.ujian.LoginTest" name="invalidPasswordLoginTest" time="1.581"/>
</testsuite> <!-- com.ujian.LoginTest -->
