<?xml version="1.0" encoding="UTF-8"?>
<!-- Generated by org.testng.reporters.JUnitReportReporter -->
<testsuite hostname="LenovoAsus" failures="0" tests="4" name="com.ujian.LoginTest" time="7.364" errors="0" timestamp="2024-12-11T18:03:21 WIB" skipped="0">
  <testcase classname="com.ujian.LoginTest" name="invalidPasswordLoginTest" time="2.012"/>
  <testcase classname="com.ujian.LoginTest" name="validLoginTest" time="1.772"/>
  <testcase classname="com.ujian.LoginTest" name="emptyCredentialsLoginTest" time="1.859"/>
  <testcase classname="com.ujian.LoginTest" name="invalidUsernameLoginTest" time="1.721"/>
</testsuite> <!-- com.ujian.LoginTest -->
